<?xml version="1.0" encoding="UTF-8"?>
<!-- Generated by org.testng.reporters.JUnitReportReporter -->
<testsuite hostname="WINCTRL-TQLRVFK" failures="0" tests="2" name="maven.Annutation" time="0.016" errors="0" timestamp="2022-06-04T11:45:53 IST" skipped="0">
  <testcase classname="maven.Annutation" name="test" time="0.006"/>
  <system-out/>
  <testcase classname="maven.Annutation" name="test" time="0.010"/>
  <system-out/>
</testsuite> <!-- maven.Annutation -->
